<?xml version="1.0" encoding="UTF-8"?>
<!-- Generated by org.testng.reporters.JUnitReportReporter -->
<testsuite hostname="Admin-PC" name="com.jbk.DemoTest" tests="1" failures="0" timestamp="11 Mar 2023 06:19:17 GMT" time="1.226" errors="0">
  <testcase name="test01" time="1.226" classname="com.jbk.DemoTest"/>
</testsuite> <!-- com.jbk.DemoTest -->
