<?xml version="1.0" encoding="UTF-8"?>
<!-- Generated by org.testng.reporters.JUnitReportReporter -->
<testsuite hostname="Admin-PC" name="com.jbk.WindowHandling" tests="1" failures="0" timestamp="15 Mar 2023 11:18:16 GMT" time="20.395" errors="0">
  <testcase name="test01" time="20.395" classname="com.jbk.WindowHandling"/>
</testsuite> <!-- com.jbk.WindowHandling -->
